
> dropfinder-web@1.0.0 build
> node ./scripts/build.mjs

[36mvite v6.3.5 [32mbuilding for production...[36m[39m
transforming...
[32m✓[39m 55 modules transformed.
rendering chunks...
computing gzip size...
[2m../cloud_pages/[22m[32mindex.html                                   [39m[1m[2m    0.74 kB[22m[1m[22m[2m │ gzip:   0.40 kB[22m
[2m../cloud_pages/[22m[2massets/[22m[32mvite-manifest.json                    [39m[1m[2m    1.03 kB[22m[1m[22m[2m │ gzip:   0.32 kB[22m
[2m../cloud_pages/[22m[2massets/[22m[32mmarketplace-query-worker-CNdCK8BC.js  [39m[1m[2m    2.51 kB[22m[1m[22m
[2m../cloud_pages/[22m[2massets/[22m[32mpdf.worker.min-Cr_QfRGn.mjs           [39m[1m[2m1,128.59 kB[22m[1m[22m
[2m../cloud_pages/[22m[2massets/[22m[35mindex-B02icSBA.css                    [39m[1m[2m   20.88 kB[22m[1m[22m[2m │ gzip:   5.08 kB[22m
[2m../cloud_pages/[22m[2massets/[22m[36mchunk-D6fhxGoq.js                     [39m[1m[2m    0.09 kB[22m[1m[22m[2m │ gzip:   0.11 kB[22m
[2m../cloud_pages/[22m[2massets/[22m[36mapp-DVf10-Z-.js                       [39m[1m[2m  263.91 kB[22m[1m[22m[2m │ gzip:  82.62 kB[22m
[2m../cloud_pages/[22m[2massets/[22m[36mchunk-CgeV8iME.js                     [39m[1m[33m  500.84 kB[39m[22m[2m │ gzip: 151.46 kB[22m
[33m
(!) Some chunks are larger than 500 kB after minification. Consider:
- Using dynamic import() to code-split the application
- Use build.rollupOptions.output.manualChunks to improve chunking: https://rollupjs.org/configuration-options/#output-manualchunks
- Adjust chunk size limit for this warning via build.chunkSizeWarningLimit.[39m
[32m✓ built in 2.69s[39m
Built DropFinder frontend without altering 28 protected files; verified 6 hashed assets.
